<?xml version="1.0" encoding="UTF-8"?>
<!-- Generated by org.testng.reporters.JUnitXMLReporter -->
<testsuite ignored="0" hostname="DESKTOP-HGAEIA7" failures="1" tests="3" name="Surefire test" time="8.329" errors="0" timestamp="2024-10-18T16:30:47 IST">
  <testcase classname="testcases.abcTest" name="testSample" time="4.313">
    <failure type="java.lang.AssertionError" message="Title validation failed! expected [Example Domain] but found [Swag Labs]">
      <![CDATA[java.lang.AssertionError: Title validation failed! expected [Example Domain] but found [Swag Labs]
at testcases.abcTest.testSample(abcTest.java:19)
at java.base/java.util.ArrayList.forEach(ArrayList.java:1596)
... Removed 35 stack frames]]>
    </failure>
  </testcase> <!-- testSample -->
  <testcase classname="testcases.LoginTest" name="loginTest" time="3.737"/>
  <testcase classname="testcases.MyTest" name="openBrowser" time="0.006"/>
</testsuite> <!-- Surefire test -->
