<?xml version="1.0" encoding="UTF-8"?>
<testng-results ignored="0" total="1" passed="1" failed="0" skipped="0">
  <reporter-output>
  </reporter-output>
  <suite started-at="2024-11-29T15:12:57 IST" name="Default suite" finished-at="2024-11-29T15:13:14 IST" duration-ms="17576">
    <groups>
    </groups>
    <test started-at="2024-11-29T15:12:57 IST" name="Default test" finished-at="2024-11-29T15:13:14 IST" duration-ms="17576">
      <class name="testcases.GmailAutomate">
        <test-method signature="gmailAutomate()[pri:0, instance:testcases.GmailAutomate@589b028e]" started-at="2024-11-29T15:12:57 IST" name="gmailAutomate" finished-at="2024-11-29T15:13:14 IST" duration-ms="17307" status="PASS">
          <reporter-output>
          </reporter-output>
        </test-method> <!-- gmailAutomate -->
      </class> <!-- testcases.GmailAutomate -->
    </test> <!-- Default test -->
  </suite> <!-- Default suite -->
</testng-results>
